<?xml version="1.0" encoding="UTF-8"?>
<robot generator="Robot 5.0 (Python 3.10.4 on win32)" generated="20220509 15:17:33.721" rpa="false" schemaversion="3">
<suite id="s1" name="Verify Valid Credential Suite" source="F:\OrangeHRMAutomation\LoginSuite\verify_valid_credential_suite.robot">
<test id="s1-t1" name="Valid Credential Test" line="10">
<kw name="Append To Environment Variable" library="OperatingSystem">
<arg>Path</arg>
<arg>${EXECDIR}${/}driver</arg>
<doc>Appends given ``values`` to environment variable ``name``.</doc>
<msg timestamp="20220509 15:17:34.139" level="INFO">Environment variable 'Path' set to value 'C:\Windows\system32;C:\Windows;C:\Windows\System32\Wbem;C:\Windows\System32\WindowsPowerShell\v1.0\;C:\Windows\System32\OpenSSH\;C:\Program Files\nodejs\;E:\Software\jdk-17.0.2\bin;C:\Program Files\Git\cmd;C:\MinGW\bin;C;C:\Users\HP\AppData\Local\Programs\Python\Python310;C:\Users\HP\AppData\Local\Programs\Python\Python310\Scripts;C:\Users\HP\AppData\Local\Programs\Python\Python310\Scripts\;C:\Users\HP\AppData\Local\Programs\Python\Python310\;C:\Users\HP\anaconda3;C:\Users\HP\anaconda3\Library\mingw-w64\bin;C:\Users\HP\anaconda3\Library\usr\bin;C:\Users\HP\anaconda3\Library\bin;C:\Users\HP\anaconda3\Scripts;C:\Users\HP\AppData\Local\Microsoft\WindowsApps;C:\Users\HP\AppData\Roaming\npm;C:\Users\HP\AppData\Local\Programs\Microsoft VS Code\bin;C:\msys64\mingw64\bin;C:\Program Files (x86)\Brackets\;C:\Program Files\JetBrains\PyCharm Community Edition 2022.1\bin;;F:\OrangeHRMAutomation\driver'.</msg>
<status status="PASS" starttime="20220509 15:17:34.137" endtime="20220509 15:17:34.139"/>
</kw>
<kw name="Open Browser" library="SeleniumLibrary">
<arg>browser=chrome</arg>
<doc>Opens a new browser instance to the optional ``url``.</doc>
<msg timestamp="20220509 15:17:34.140" level="INFO">Opening browser 'chrome' to base url 'None'.</msg>
<status status="PASS" starttime="20220509 15:17:34.140" endtime="20220509 15:17:36.211"/>
</kw>
<kw name="Maximize Browser Window" library="SeleniumLibrary">
<doc>Maximizes current browser window.</doc>
<status status="PASS" starttime="20220509 15:17:36.232" endtime="20220509 15:17:36.611"/>
</kw>
<kw name="Set Selenium Implicit Wait" library="SeleniumLibrary">
<arg>30s</arg>
<doc>Sets the implicit wait value used by Selenium.</doc>
<status status="PASS" starttime="20220509 15:17:36.620" endtime="20220509 15:17:36.677"/>
</kw>
<kw name="Go To" library="SeleniumLibrary">
<arg>url=https://opensource-demo.orangehrmlive.com/</arg>
<doc>Navigates the current browser window to the provided ``url``.</doc>
<msg timestamp="20220509 15:17:36.694" level="INFO">Opening url 'https://opensource-demo.orangehrmlive.com/'</msg>
<status status="PASS" starttime="20220509 15:17:36.694" endtime="20220509 15:17:41.163"/>
</kw>
<kw name="Input Text" library="SeleniumLibrary">
<arg>id=txtUsername</arg>
<arg>Admin</arg>
<doc>Types the given ``text`` into the text field identified by ``locator``.</doc>
<msg timestamp="20220509 15:17:41.164" level="INFO">Typing text 'Admin' into text field 'id=txtUsername'.</msg>
<status status="PASS" starttime="20220509 15:17:41.164" endtime="20220509 15:17:41.348"/>
</kw>
<kw name="Input Password" library="SeleniumLibrary">
<arg>id=txtPassword</arg>
<arg>admin123</arg>
<doc>Types the given password into the text field identified by ``locator``.</doc>
<msg timestamp="20220509 15:17:41.351" level="INFO">Typing password into text field 'id=txtPassword'.</msg>
<msg timestamp="20220509 15:17:41.456" level="INFO">Temporally setting log level to: NONE</msg>
<msg timestamp="20220509 15:17:41.584" level="INFO">Log level changed from NONE to INFO.</msg>
<status status="PASS" starttime="20220509 15:17:41.350" endtime="20220509 15:17:41.584"/>
</kw>
<kw name="Click Element" library="SeleniumLibrary">
<arg>id=btnLogin</arg>
<doc>Click the element identified by ``locator``.</doc>
<msg timestamp="20220509 15:17:41.585" level="INFO">Clicking element 'id=btnLogin'.</msg>
<status status="PASS" starttime="20220509 15:17:41.584" endtime="20220509 15:17:47.436"/>
</kw>
<kw name="Page Should Contain" library="SeleniumLibrary">
<arg>My Info</arg>
<doc>Verifies that current page contains ``text``.</doc>
<msg timestamp="20220509 15:17:47.484" level="INFO">Current page contains text 'My Info'.</msg>
<status status="PASS" starttime="20220509 15:17:47.437" endtime="20220509 15:17:47.484"/>
</kw>
<kw name="Close Browser" library="SeleniumLibrary" type="TEARDOWN">
<doc>Closes the current browser.</doc>
<status status="PASS" starttime="20220509 15:17:47.485" endtime="20220509 15:17:49.905"/>
</kw>
<status status="PASS" starttime="20220509 15:17:34.136" endtime="20220509 15:17:49.907"/>
</test>
<doc>this suite will handle valid credential
test - TC_OH_2</doc>
<status status="PASS" starttime="20220509 15:17:33.725" endtime="20220509 15:17:49.914"/>
</suite>
<statistics>
<total>
<stat pass="1" fail="0" skip="0">All Tests</stat>
</total>
<tag>
</tag>
<suite>
<stat pass="1" fail="0" skip="0" id="s1" name="Verify Valid Credential Suite">Verify Valid Credential Suite</stat>
</suite>
</statistics>
<errors>
</errors>
</robot>
